-------------------------------------------------------------------------------
Test set: dao.DaoFileImplTest
-------------------------------------------------------------------------------
Tests run: 5, Failures: 1, Errors: 0, Skipped: 0, Time elapsed: 0.123 sec <<< FAILURE! - in dao.DaoFileImplTest
testEditOrder  Time elapsed: 0.013 sec  <<< FAILURE!
org.opentest4j.AssertionFailedError: Names should be Manny Jerome ==> expected: <Manny Jerome> but was: <Cassie Abel>
	at dao.DaoFileImplTest.testEditOrder(DaoFileImplTest.java:220)

